<?xml version="1.0" encoding="UTF-8"?>
<coverage generated="1625837088708" clover="3.2.0">
  <project timestamp="1625837088709" name="All files">
    <metrics statements="39" coveredstatements="27" conditionals="16" coveredconditionals="10" methods="4" coveredmethods="4" elements="59" coveredelements="41" complexity="0" loc="39" ncloc="39" packages="1" files="1" classes="1"/>
    <file name="gamelogic.js" path="Z:\Users\Peut\Documents\Webstorm\PaulBakker\frontend-javascript-hangman\gamelogic.js">
      <metrics statements="39" coveredstatements="27" conditionals="16" coveredconditionals="10" methods="4" coveredmethods="4"/>
      <line num="3" count="2" type="stmt"/>
      <line num="5" count="2" type="stmt"/>
      <line num="9" count="20" type="stmt"/>
      <line num="11" count="20" type="cond" truecount="2" falsecount="0"/>
      <line num="12" count="4" type="stmt"/>
      <line num="14" count="16" type="stmt"/>
      <line num="19" count="2" type="stmt"/>
      <line num="25" count="2" type="stmt"/>
      <line num="28" count="11" type="stmt"/>
      <line num="30" count="11" type="cond" truecount="2" falsecount="0"/>
      <line num="31" count="1" type="stmt"/>
      <line num="36" count="1" type="stmt"/>
      <line num="41" count="2" type="cond" truecount="2" falsecount="6"/>
      <line num="43" count="0" type="stmt"/>
      <line num="44" count="0" type="stmt"/>
      <line num="46" count="0" type="stmt"/>
      <line num="47" count="0" type="stmt"/>
      <line num="49" count="1" type="stmt"/>
      <line num="50" count="1" type="stmt"/>
      <line num="52" count="0" type="stmt"/>
      <line num="53" count="0" type="stmt"/>
      <line num="55" count="0" type="stmt"/>
      <line num="56" count="0" type="stmt"/>
      <line num="58" count="0" type="stmt"/>
      <line num="59" count="0" type="stmt"/>
      <line num="61" count="1" type="stmt"/>
      <line num="62" count="1" type="stmt"/>
      <line num="65" count="0" type="stmt"/>
      <line num="66" count="0" type="stmt"/>
      <line num="74" count="2" type="stmt"/>
      <line num="77" count="2" type="stmt"/>
      <line num="79" count="12" type="cond" truecount="2" falsecount="0"/>
      <line num="80" count="10" type="stmt"/>
      <line num="82" count="10" type="cond" truecount="2" falsecount="0"/>
      <line num="83" count="1" type="stmt"/>
      <line num="84" count="1" type="stmt"/>
      <line num="88" count="1" type="stmt"/>
      <line num="91" count="1" type="stmt"/>
      <line num="94" count="1" type="stmt"/>
    </file>
  </project>
</coverage>
