{"Z:\\Users\\Peut\\Documents\\Webstorm\\PaulBakker\\frontend-javascript-hangman\\gamelogic.js": {"path":"Z:\\Users\\Peut\\Documents\\Webstorm\\PaulBakker\\frontend-javascript-hangman\\gamelogic.js","statementMap":{"0":{"start":{"line":3,"column":17},"end":{"line":3,"column":19}},"1":{"start":{"line":5,"column":4},"end":{"line":17,"column":5}},"2":{"start":{"line":5,"column":17},"end":{"line":5,"column":18}},"3":{"start":{"line":9,"column":23},"end":{"line":9,"column":37}},"4":{"start":{"line":11,"column":8},"end":{"line":15,"column":9}},"5":{"start":{"line":12,"column":12},"end":{"line":12,"column":35}},"6":{"start":{"line":14,"column":12},"end":{"line":14,"column":27}},"7":{"start":{"line":19,"column":4},"end":{"line":19,"column":18}},"8":{"start":{"line":25,"column":4},"end":{"line":34,"column":5}},"9":{"start":{"line":25,"column":17},"end":{"line":25,"column":18}},"10":{"start":{"line":28,"column":23},"end":{"line":28,"column":37}},"11":{"start":{"line":30,"column":8},"end":{"line":32,"column":9}},"12":{"start":{"line":31,"column":12},"end":{"line":31,"column":25}},"13":{"start":{"line":36,"column":4},"end":{"line":36,"column":16}},"14":{"start":{"line":41,"column":4},"end":{"line":67,"column":5}},"15":{"start":{"line":43,"column":12},"end":{"line":43,"column":53}},"16":{"start":{"line":44,"column":12},"end":{"line":44,"column":18}},"17":{"start":{"line":46,"column":12},"end":{"line":46,"column":65}},"18":{"start":{"line":47,"column":12},"end":{"line":47,"column":18}},"19":{"start":{"line":49,"column":12},"end":{"line":49,"column":68}},"20":{"start":{"line":50,"column":12},"end":{"line":50,"column":18}},"21":{"start":{"line":52,"column":12},"end":{"line":52,"column":75}},"22":{"start":{"line":53,"column":12},"end":{"line":53,"column":18}},"23":{"start":{"line":55,"column":12},"end":{"line":55,"column":84}},"24":{"start":{"line":56,"column":12},"end":{"line":56,"column":18}},"25":{"start":{"line":58,"column":12},"end":{"line":58,"column":93}},"26":{"start":{"line":59,"column":12},"end":{"line":59,"column":18}},"27":{"start":{"line":61,"column":12},"end":{"line":61,"column":104}},"28":{"start":{"line":62,"column":12},"end":{"line":62,"column":18}},"29":{"start":{"line":65,"column":12},"end":{"line":65,"column":88}},"30":{"start":{"line":66,"column":12},"end":{"line":66,"column":18}},"31":{"start":{"line":74,"column":21},"end":{"line":74,"column":22}},"32":{"start":{"line":77,"column":4},"end":{"line":87,"column":5}},"33":{"start":{"line":77,"column":17},"end":{"line":77,"column":18}},"34":{"start":{"line":79,"column":8},"end":{"line":86,"column":9}},"35":{"start":{"line":80,"column":12},"end":{"line":80,"column":25}},"36":{"start":{"line":82,"column":12},"end":{"line":85,"column":13}},"37":{"start":{"line":83,"column":16},"end":{"line":83,"column":42}},"38":{"start":{"line":84,"column":16},"end":{"line":84,"column":28}},"39":{"start":{"line":88,"column":4},"end":{"line":88,"column":30}},"40":{"start":{"line":91,"column":4},"end":{"line":91,"column":17}},"41":{"start":{"line":94,"column":0},"end":{"line":98,"column":2}}},"fnMap":{"0":{"name":"displayWordSoFar","decl":{"start":{"line":1,"column":9},"end":{"line":1,"column":25}},"loc":{"start":{"line":1,"column":41},"end":{"line":20,"column":1}},"line":1},"1":{"name":"isGameWon","decl":{"start":{"line":22,"column":9},"end":{"line":22,"column":18}},"loc":{"start":{"line":22,"column":34},"end":{"line":37,"column":1}},"line":22},"2":{"name":"displayGallow","decl":{"start":{"line":39,"column":9},"end":{"line":39,"column":22}},"loc":{"start":{"line":39,"column":35},"end":{"line":69,"column":1}},"line":39},"3":{"name":"isGameLost","decl":{"start":{"line":72,"column":9},"end":{"line":72,"column":19}},"loc":{"start":{"line":72,"column":35},"end":{"line":92,"column":1}},"line":72}},"branchMap":{"0":{"loc":{"start":{"line":11,"column":8},"end":{"line":15,"column":9}},"type":"if","locations":[{"start":{"line":11,"column":8},"end":{"line":15,"column":9}},{"start":{"line":11,"column":8},"end":{"line":15,"column":9}}],"line":11},"1":{"loc":{"start":{"line":30,"column":8},"end":{"line":32,"column":9}},"type":"if","locations":[{"start":{"line":30,"column":8},"end":{"line":32,"column":9}},{"start":{"line":30,"column":8},"end":{"line":32,"column":9}}],"line":30},"2":{"loc":{"start":{"line":41,"column":4},"end":{"line":67,"column":5}},"type":"switch","locations":[{"start":{"line":42,"column":8},"end":{"line":44,"column":18}},{"start":{"line":45,"column":8},"end":{"line":47,"column":18}},{"start":{"line":48,"column":8},"end":{"line":50,"column":18}},{"start":{"line":51,"column":8},"end":{"line":53,"column":18}},{"start":{"line":54,"column":8},"end":{"line":56,"column":18}},{"start":{"line":57,"column":8},"end":{"line":59,"column":18}},{"start":{"line":60,"column":8},"end":{"line":62,"column":18}},{"start":{"line":64,"column":8},"end":{"line":66,"column":18}}],"line":41},"3":{"loc":{"start":{"line":79,"column":8},"end":{"line":86,"column":9}},"type":"if","locations":[{"start":{"line":79,"column":8},"end":{"line":86,"column":9}},{"start":{"line":79,"column":8},"end":{"line":86,"column":9}}],"line":79},"4":{"loc":{"start":{"line":82,"column":12},"end":{"line":85,"column":13}},"type":"if","locations":[{"start":{"line":82,"column":12},"end":{"line":85,"column":13}},{"start":{"line":82,"column":12},"end":{"line":85,"column":13}}],"line":82}},"s":{"0":2,"1":2,"2":2,"3":20,"4":20,"5":4,"6":16,"7":2,"8":2,"9":2,"10":11,"11":11,"12":1,"13":1,"14":2,"15":0,"16":0,"17":0,"18":0,"19":1,"20":1,"21":0,"22":0,"23":0,"24":0,"25":0,"26":0,"27":1,"28":1,"29":0,"30":0,"31":2,"32":2,"33":2,"34":12,"35":10,"36":10,"37":1,"38":1,"39":1,"40":1,"41":1},"f":{"0":2,"1":2,"2":2,"3":2},"b":{"0":[4,16],"1":[1,10],"2":[0,0,1,0,0,0,1,0],"3":[10,2],"4":[1,9]},"_coverageSchema":"1a1c01bbd47fc00a2c39e90264f33305004495a9","hash":"2840647f5b758e1893d459943b18e5d0efa8e7de"}
}
