TN:
SF:gamelogic.js
FN:1,displayWordSoFar
FN:22,isGameWon
FN:39,displayGallow
FN:72,isGameLost
FNF:4
FNH:4
FNDA:2,displayWordSoFar
FNDA:2,isGameWon
FNDA:2,displayGallow
FNDA:2,isGameLost
DA:3,2
DA:5,2
DA:9,20
DA:11,20
DA:12,4
DA:14,16
DA:19,2
DA:25,2
DA:28,11
DA:30,11
DA:31,1
DA:36,1
DA:41,2
DA:43,0
DA:44,0
DA:46,0
DA:47,0
DA:49,1
DA:50,1
DA:52,0
DA:53,0
DA:55,0
DA:56,0
DA:58,0
DA:59,0
DA:61,1
DA:62,1
DA:65,0
DA:66,0
DA:74,2
DA:77,2
DA:79,12
DA:80,10
DA:82,10
DA:83,1
DA:84,1
DA:88,1
DA:91,1
DA:94,1
LF:39
LH:27
BRDA:11,0,0,4
BRDA:11,0,1,16
BRDA:30,1,0,1
BRDA:30,1,1,10
BRDA:41,2,0,0
BRDA:41,2,1,0
BRDA:41,2,2,1
BRDA:41,2,3,0
BRDA:41,2,4,0
BRDA:41,2,5,0
BRDA:41,2,6,1
BRDA:41,2,7,0
BRDA:79,3,0,10
BRDA:79,3,1,2
BRDA:82,4,0,1
BRDA:82,4,1,9
BRF:16
BRH:10
end_of_record
